<?xml version="1.0" encoding="UTF-8"?>
<!-- Generated by org.testng.reporters.JUnitXMLReporter -->
<testsuite ignored="3" hostname="luffy" failures="2" tests="8" name="Surefire test" time="62.773" errors="0" timestamp="2026-02-09T16:11:31 IST">
  <testcase classname="base.BaseTest" name="@BeforeMethod initializeDriverwithBeforeMethod" time="20.336">
    <failure type="org.openqa.selenium.WebDriverException" message="unknown error: net::ERR_CONNECTION_RESET
  (Session info: MicrosoftEdge=144.0.3719.115)
Build info: version: &amp;apos;4.39.0&amp;apos;, revision: &amp;apos;126f156aee&amp;apos;
System info: os.name: &amp;apos;Windows 11&amp;apos;, os.arch: &amp;apos;amd64&amp;apos;, os.version: &amp;apos;10.0&amp;apos;, java.version: &amp;apos;17.0.12&amp;apos;
Driver info: org.openqa.selenium.edge.EdgeDriver
Command: [80fe8bd4f76ba80055e4e0be7beaf8c4, get {url=https://www.saucedemo.com/}]
Capabilities {acceptInsecureCerts: false, browserName: MicrosoftEdge, browserVersion: 144.0.3719.115, fedcm:accounts: true, goog:processID: 40648, ms:edgeOptions: {debuggerAddress: localhost:63358}, msedge: {msedgedriverVersion: 144.0.3719.115 (4ee501a4f64..., userDataDir: C:\Users\sanke\AppData\Loca...}, networkConnectionEnabled: false, pageLoadStrategy: normal, platformName: windows, proxy: Proxy(), se:cdp: ws://localhost:63358/devtoo..., se:cdpVersion: 144.0.3719.115, setWindowRect: true, strictFileInteractability: false, timeouts: {implicit: 0, pageLoad: 300000, script: 30000}, unhandledPromptBehavior: dismiss and notify, webauthn:extension:credBlob: true, webauthn:extension:largeBlob: true, webauthn:extension:minPinLength: true, webauthn:extension:prf: true, webauthn:virtualAuthenticators: true}
Session ID: 80fe8bd4f76ba80055e4e0be7beaf8c4">
      <![CDATA[org.openqa.selenium.WebDriverException: unknown error: net::ERR_CONNECTION_RESET
  (Session info: MicrosoftEdge=144.0.3719.115)
Build info: version: '4.39.0', revision: '126f156aee'
System info: os.name: 'Windows 11', os.arch: 'amd64', os.version: '10.0', java.version: '17.0.12'
Driver info: org.openqa.selenium.edge.EdgeDriver
Command: [80fe8bd4f76ba80055e4e0be7beaf8c4, get {url=https://www.saucedemo.com/}]
Capabilities {acceptInsecureCerts: false, browserName: MicrosoftEdge, browserVersion: 144.0.3719.115, fedcm:accounts: true, goog:processID: 40648, ms:edgeOptions: {debuggerAddress: localhost:63358}, msedge: {msedgedriverVersion: 144.0.3719.115 (4ee501a4f64..., userDataDir: C:\Users\sanke\AppData\Loca...}, networkConnectionEnabled: false, pageLoadStrategy: normal, platformName: windows, proxy: Proxy(), se:cdp: ws://localhost:63358/devtoo..., se:cdpVersion: 144.0.3719.115, setWindowRect: true, strictFileInteractability: false, timeouts: {implicit: 0, pageLoad: 300000, script: 30000}, unhandledPromptBehavior: dismiss and notify, webauthn:extension:credBlob: true, webauthn:extension:largeBlob: true, webauthn:extension:minPinLength: true, webauthn:extension:prf: true, webauthn:virtualAuthenticators: true}
Session ID: 80fe8bd4f76ba80055e4e0be7beaf8c4
at org.openqa.selenium.remote.ErrorCodec.decode(ErrorCodec.java:167)
at org.openqa.selenium.remote.codec.w3c.W3CHttpResponseCodec.decode(W3CHttpResponseCodec.java:142)
at org.openqa.selenium.remote.codec.w3c.W3CHttpResponseCodec.decode(W3CHttpResponseCodec.java:49)
at org.openqa.selenium.remote.HttpCommandExecutor.execute(HttpCommandExecutor.java:215)
at org.openqa.selenium.remote.service.DriverCommandExecutor.invokeExecute(DriverCommandExecutor.java:216)
at org.openqa.selenium.remote.service.DriverCommandExecutor.execute(DriverCommandExecutor.java:174)
at org.openqa.selenium.remote.RemoteWebDriver.execute(RemoteWebDriver.java:561)
at org.openqa.selenium.remote.RemoteWebDriver.get(RemoteWebDriver.java:329)
at base.BaseTest.initializeDriverwithBeforeMethod(BaseTest.java:96)
at java.base/java.util.ArrayList.forEach(ArrayList.java:1511)
... Removed 41 stack frames]]>
    </failure>
  </testcase> <!-- @BeforeMethod initializeDriverwithBeforeMethod -->
  <testcase classname="testClasses.HomePageTest" name="@BeforeMethod loginAndInitPages" time="0.0">
    <skipped/>
  </testcase> <!-- @BeforeMethod loginAndInitPages -->
  <testcase classname="testClasses.AddToCartTest" name="VerifyProductAddinAddToCartAfterClickAddToCart" time="10.109">
    <failure type="org.openqa.selenium.NoSuchElementException" message="no such element: Unable to locate element: {&amp;quot;method&amp;quot;:&amp;quot;xpath&amp;quot;,&amp;quot;selector&amp;quot;:&amp;quot;//div[text()=&amp;apos;Sauce Labs Bike Light&amp;apos;]/parent::a/parent::div/following-sibling::div/div/following-sibling::button&amp;quot;}
  (Session info: MicrosoftEdge=144.0.3719.115)
For documentation on this error, please visit: https://www.selenium.dev/documentation/webdriver/troubleshooting/errors#nosuchelementexception
Build info: version: &amp;apos;4.39.0&amp;apos;, revision: &amp;apos;126f156aee&amp;apos;
System info: os.name: &amp;apos;Windows 11&amp;apos;, os.arch: &amp;apos;amd64&amp;apos;, os.version: &amp;apos;10.0&amp;apos;, java.version: &amp;apos;17.0.12&amp;apos;
Driver info: org.openqa.selenium.edge.EdgeDriver
Command: [55f0936c657237f2cdbeb70ac6a54d14, findElement {value=//div[text()=&amp;apos;Sauce Labs Bike Light&amp;apos;]/parent::a/parent::div/following-sibling::div/div/following-sibling::button, using=xpath}]
Capabilities {acceptInsecureCerts: false, browserName: MicrosoftEdge, browserVersion: 144.0.3719.115, fedcm:accounts: true, goog:processID: 28052, ms:edgeOptions: {debuggerAddress: localhost:55776}, msedge: {msedgedriverVersion: 144.0.3719.115 (4ee501a4f64..., userDataDir: C:\Users\sanke\AppData\Loca...}, networkConnectionEnabled: false, pageLoadStrategy: normal, platformName: windows, proxy: Proxy(), se:cdp: ws://localhost:55776/devtoo..., se:cdpVersion: 144.0.3719.115, setWindowRect: true, strictFileInteractability: false, timeouts: {implicit: 0, pageLoad: 300000, script: 30000}, unhandledPromptBehavior: dismiss and notify, webauthn:extension:credBlob: true, webauthn:extension:largeBlob: true, webauthn:extension:minPinLength: true, webauthn:extension:prf: true, webauthn:virtualAuthenticators: true}
Session ID: 55f0936c657237f2cdbeb70ac6a54d14">
      <![CDATA[org.openqa.selenium.NoSuchElementException: no such element: Unable to locate element: {"method":"xpath","selector":"//div[text()='Sauce Labs Bike Light']/parent::a/parent::div/following-sibling::div/div/following-sibling::button"}
  (Session info: MicrosoftEdge=144.0.3719.115)
For documentation on this error, please visit: https://www.selenium.dev/documentation/webdriver/troubleshooting/errors#nosuchelementexception
Build info: version: '4.39.0', revision: '126f156aee'
System info: os.name: 'Windows 11', os.arch: 'amd64', os.version: '10.0', java.version: '17.0.12'
Driver info: org.openqa.selenium.edge.EdgeDriver
Command: [55f0936c657237f2cdbeb70ac6a54d14, findElement {value=//div[text()='Sauce Labs Bike Light']/parent::a/parent::div/following-sibling::div/div/following-sibling::button, using=xpath}]
Capabilities {acceptInsecureCerts: false, browserName: MicrosoftEdge, browserVersion: 144.0.3719.115, fedcm:accounts: true, goog:processID: 28052, ms:edgeOptions: {debuggerAddress: localhost:55776}, msedge: {msedgedriverVersion: 144.0.3719.115 (4ee501a4f64..., userDataDir: C:\Users\sanke\AppData\Loca...}, networkConnectionEnabled: false, pageLoadStrategy: normal, platformName: windows, proxy: Proxy(), se:cdp: ws://localhost:55776/devtoo..., se:cdpVersion: 144.0.3719.115, setWindowRect: true, strictFileInteractability: false, timeouts: {implicit: 0, pageLoad: 300000, script: 30000}, unhandledPromptBehavior: dismiss and notify, webauthn:extension:credBlob: true, webauthn:extension:largeBlob: true, webauthn:extension:minPinLength: true, webauthn:extension:prf: true, webauthn:virtualAuthenticators: true}
Session ID: 55f0936c657237f2cdbeb70ac6a54d14
at org.openqa.selenium.remote.ErrorCodec.decode(ErrorCodec.java:167)
at org.openqa.selenium.remote.codec.w3c.W3CHttpResponseCodec.decode(W3CHttpResponseCodec.java:142)
at org.openqa.selenium.remote.codec.w3c.W3CHttpResponseCodec.decode(W3CHttpResponseCodec.java:49)
at org.openqa.selenium.remote.HttpCommandExecutor.execute(HttpCommandExecutor.java:215)
at org.openqa.selenium.remote.service.DriverCommandExecutor.invokeExecute(DriverCommandExecutor.java:216)
at org.openqa.selenium.remote.service.DriverCommandExecutor.execute(DriverCommandExecutor.java:174)
at org.openqa.selenium.remote.RemoteWebDriver.execute(RemoteWebDriver.java:561)
at org.openqa.selenium.remote.ElementLocation$ElementFinder$2.findElement(ElementLocation.java:166)
at org.openqa.selenium.remote.ElementLocation.findElement(ElementLocation.java:60)
at org.openqa.selenium.remote.RemoteWebDriver.findElement(RemoteWebDriver.java:384)
at org.openqa.selenium.remote.RemoteWebDriver.findElement(RemoteWebDriver.java:378)
at pomClasses.HomePage.getAllAddToCartButton(HomePage.java:80)
at pomClasses.HomePage.clickonProductAddToCartBtn(HomePage.java:152)
at testClasses.AddToCartTest.VerifyProductAddinAddToCartAfterClickAddToCart(AddToCartTest.java:43)
at java.base/java.util.ArrayList.forEach(ArrayList.java:1511)
... Removed 37 stack frames]]>
    </failure>
  </testcase> <!-- VerifyProductAddinAddToCartAfterClickAddToCart -->
  <testcase classname="testClasses.HomePageTest" name="VerifyAllProductsareDisplayed" time="0.0">
    <skipped/>
  </testcase> <!-- VerifyAllProductsareDisplayed -->
  <testcase classname="testClasses.LoggingTest" name="loggin" time="0.501"/>
  <testcase classname="testClasses.LoggingTest" name="loggin" time="10.298">
    <failure type="org.openqa.selenium.NoSuchElementException" message="no such element: Unable to locate element: {&amp;quot;method&amp;quot;:&amp;quot;xpath&amp;quot;,&amp;quot;selector&amp;quot;:&amp;quot;//div[@class=&amp;apos;error-message-container&amp;apos;]&amp;quot;}
  (Session info: MicrosoftEdge=144.0.3719.115)
For documentation on this error, please visit: https://www.selenium.dev/documentation/webdriver/troubleshooting/errors#nosuchelementexception
Build info: version: &amp;apos;4.39.0&amp;apos;, revision: &amp;apos;126f156aee&amp;apos;
System info: os.name: &amp;apos;Windows 11&amp;apos;, os.arch: &amp;apos;amd64&amp;apos;, os.version: &amp;apos;10.0&amp;apos;, java.version: &amp;apos;17.0.12&amp;apos;
Driver info: org.openqa.selenium.edge.EdgeDriver
Command: [a41e36c3e4b6887cd7f01bc0704c222d, findElement {value=//div[@class=&amp;apos;error-message-container&amp;apos;], using=xpath}]
Capabilities {acceptInsecureCerts: false, browserName: MicrosoftEdge, browserVersion: 144.0.3719.115, fedcm:accounts: true, goog:processID: 33420, ms:edgeOptions: {debuggerAddress: localhost:56632}, msedge: {msedgedriverVersion: 144.0.3719.115 (4ee501a4f64..., userDataDir: C:\Users\sanke\AppData\Loca...}, networkConnectionEnabled: false, pageLoadStrategy: normal, platformName: windows, proxy: Proxy(), se:cdp: ws://localhost:56632/devtoo..., se:cdpVersion: 144.0.3719.115, setWindowRect: true, strictFileInteractability: false, timeouts: {implicit: 0, pageLoad: 300000, script: 30000}, unhandledPromptBehavior: dismiss and notify, webauthn:extension:credBlob: true, webauthn:extension:largeBlob: true, webauthn:extension:minPinLength: true, webauthn:extension:prf: true, webauthn:virtualAuthenticators: true}
Session ID: a41e36c3e4b6887cd7f01bc0704c222d">
      <![CDATA[org.openqa.selenium.NoSuchElementException: no such element: Unable to locate element: {"method":"xpath","selector":"//div[@class='error-message-container']"}
  (Session info: MicrosoftEdge=144.0.3719.115)
For documentation on this error, please visit: https://www.selenium.dev/documentation/webdriver/troubleshooting/errors#nosuchelementexception
Build info: version: '4.39.0', revision: '126f156aee'
System info: os.name: 'Windows 11', os.arch: 'amd64', os.version: '10.0', java.version: '17.0.12'
Driver info: org.openqa.selenium.edge.EdgeDriver
Command: [a41e36c3e4b6887cd7f01bc0704c222d, findElement {value=//div[@class='error-message-container'], using=xpath}]
Capabilities {acceptInsecureCerts: false, browserName: MicrosoftEdge, browserVersion: 144.0.3719.115, fedcm:accounts: true, goog:processID: 33420, ms:edgeOptions: {debuggerAddress: localhost:56632}, msedge: {msedgedriverVersion: 144.0.3719.115 (4ee501a4f64..., userDataDir: C:\Users\sanke\AppData\Loca...}, networkConnectionEnabled: false, pageLoadStrategy: normal, platformName: windows, proxy: Proxy(), se:cdp: ws://localhost:56632/devtoo..., se:cdpVersion: 144.0.3719.115, setWindowRect: true, strictFileInteractability: false, timeouts: {implicit: 0, pageLoad: 300000, script: 30000}, unhandledPromptBehavior: dismiss and notify, webauthn:extension:credBlob: true, webauthn:extension:largeBlob: true, webauthn:extension:minPinLength: true, webauthn:extension:prf: true, webauthn:virtualAuthenticators: true}
Session ID: a41e36c3e4b6887cd7f01bc0704c222d
at org.openqa.selenium.remote.ErrorCodec.decode(ErrorCodec.java:167)
at org.openqa.selenium.remote.codec.w3c.W3CHttpResponseCodec.decode(W3CHttpResponseCodec.java:142)
at org.openqa.selenium.remote.codec.w3c.W3CHttpResponseCodec.decode(W3CHttpResponseCodec.java:49)
at org.openqa.selenium.remote.HttpCommandExecutor.execute(HttpCommandExecutor.java:215)
at org.openqa.selenium.remote.service.DriverCommandExecutor.invokeExecute(DriverCommandExecutor.java:216)
at org.openqa.selenium.remote.service.DriverCommandExecutor.execute(DriverCommandExecutor.java:174)
at org.openqa.selenium.remote.RemoteWebDriver.execute(RemoteWebDriver.java:561)
at org.openqa.selenium.remote.ElementLocation$ElementFinder$2.findElement(ElementLocation.java:166)
at org.openqa.selenium.remote.ElementLocation.findElement(ElementLocation.java:60)
at org.openqa.selenium.remote.RemoteWebDriver.findElement(RemoteWebDriver.java:384)
at org.openqa.selenium.remote.RemoteWebDriver.findElement(RemoteWebDriver.java:378)
at org.openqa.selenium.support.pagefactory.DefaultElementLocator.findElement(DefaultElementLocator.java:68)
at org.openqa.selenium.support.pagefactory.internal.LocatingElementHandler.invoke(LocatingElementHandler.java:38)
at jdk.proxy2/jdk.proxy2.$Proxy9.getText(Unknown Source)
at pomClasses.LoginPage.isLockedUserErrorDisplayed(LoginPage.java:44)
at testClasses.LoggingTest.loggin(LoggingTest.java:33)
at java.base/java.util.ArrayList.forEach(ArrayList.java:1511)
... Removed 37 stack frames]]>
    </failure>
  </testcase> <!-- loggin -->
  <testcase classname="testClasses.LoggingTest" name="loggin" time="0.243"/>
  <testcase classname="testClasses.LoggingTest" name="loggin" time="5.347"/>
  <testcase classname="testClasses.LoggingTest" name="loggin" time="0.302"/>
  <testcase classname="testClasses.LoggingTest" name="loggin" time="0.375"/>
  <testcase classname="testClasses.HomePageTest" name="verifySwagLabsLogoisDisplayed" time="0.0">
    <ignored/>
  </testcase> <!-- verifySwagLabsLogoisDisplayed -->
  <testcase classname="testClasses.HomePageTest" name="verifyProductsPageLoadsAfterLogin" time="0.0">
    <ignored/>
  </testcase> <!-- verifyProductsPageLoadsAfterLogin -->
  <testcase classname="testClasses.HomePageTest" name="verifyProductsPageTitle" time="0.0">
    <ignored/>
  </testcase> <!-- verifyProductsPageTitle -->
</testsuite> <!-- Surefire test -->
