<?xml version="1.0" encoding="UTF-8"?>
<!-- Generated by org.testng.reporters.JUnitXMLReporter -->
<testsuite ignored="3" hostname="luffy" failures="0" tests="1" name="Default test" time="21.661" errors="0" timestamp="2026-02-09T16:05:53 IST">
  <testcase classname="testClasses.HomePageTest" name="VerifyAllProductsareDisplayed" time="0.408"/>
  <testcase classname="testClasses.HomePageTest" name="verifyProductsPageTitle" time="0.0">
    <ignored/>
  </testcase> <!-- verifyProductsPageTitle -->
  <testcase classname="testClasses.HomePageTest" name="verifyProductsPageLoadsAfterLogin" time="0.0">
    <ignored/>
  </testcase> <!-- verifyProductsPageLoadsAfterLogin -->
  <testcase classname="testClasses.HomePageTest" name="verifySwagLabsLogoisDisplayed" time="0.0">
    <ignored/>
  </testcase> <!-- verifySwagLabsLogoisDisplayed -->
</testsuite> <!-- Default test -->
