<?xml version="1.0" encoding="UTF-8"?>
<!-- Generated by org.testng.reporters.JUnitXMLReporter -->
<testsuite ignored="0" hostname="luffy" failures="0" tests="4" name="Test" time="2.877" errors="0" timestamp="2026-02-09T18:05:38 IST">
  <testcase classname="testClasses.HomePageTest" name="VerifyAllProductsareDisplayed" time="0.056"/>
  <testcase classname="testClasses.HomePageTest" name="verifyProductsPageLoadsAfterLogin" time="0.015"/>
  <testcase classname="testClasses.HomePageTest" name="verifyProductsPageTitle" time="0.082"/>
  <testcase classname="testClasses.HomePageTest" name="verifySwagLabsLogoisDisplayed" time="0.06"/>
</testsuite> <!-- Test -->
