<?xml version="1.0" encoding="UTF-8"?>
<testng-results ignored="0" total="4" passed="4" failed="0" skipped="0">
  <reporter-output>
  </reporter-output>
  <suite started-at="2026-02-09T18:05:35 IST" name="HomePage" finished-at="2026-02-09T18:05:38 IST" duration-ms="2877">
    <groups>
    </groups>
    <test started-at="2026-02-09T18:05:35 IST" name="Test" finished-at="2026-02-09T18:05:38 IST" duration-ms="2877">
      <class name="testClasses.HomePageTest">
        <test-method is-config="true" signature="login()[pri:0, instance:testClasses.HomePageTest@1189dd52]" started-at="2026-02-09T18:05:35 IST" name="login" finished-at="2026-02-09T18:05:38 IST" duration-ms="2540" status="PASS">
          <reporter-output>
          </reporter-output>
        </test-method> <!-- login -->
        <test-method signature="VerifyAllProductsareDisplayed()[pri:0, instance:testClasses.HomePageTest@1189dd52]" started-at="2026-02-09T18:05:38 IST" name="VerifyAllProductsareDisplayed" finished-at="2026-02-09T18:05:38 IST" duration-ms="56" status="PASS">
          <reporter-output>
          </reporter-output>
        </test-method> <!-- VerifyAllProductsareDisplayed -->
        <test-method signature="verifyProductsPageLoadsAfterLogin()[pri:0, instance:testClasses.HomePageTest@1189dd52]" started-at="2026-02-09T18:05:38 IST" name="verifyProductsPageLoadsAfterLogin" finished-at="2026-02-09T18:05:38 IST" duration-ms="15" status="PASS">
          <reporter-output>
          </reporter-output>
        </test-method> <!-- verifyProductsPageLoadsAfterLogin -->
        <test-method signature="verifyProductsPageTitle()[pri:0, instance:testClasses.HomePageTest@1189dd52]" started-at="2026-02-09T18:05:38 IST" name="verifyProductsPageTitle" finished-at="2026-02-09T18:05:38 IST" duration-ms="82" status="PASS">
          <reporter-output>
          </reporter-output>
        </test-method> <!-- verifyProductsPageTitle -->
        <test-method signature="verifySwagLabsLogoisDisplayed()[pri:0, instance:testClasses.HomePageTest@1189dd52]" started-at="2026-02-09T18:05:38 IST" name="verifySwagLabsLogoisDisplayed" finished-at="2026-02-09T18:05:38 IST" duration-ms="60" status="PASS">
          <reporter-output>
          </reporter-output>
        </test-method> <!-- verifySwagLabsLogoisDisplayed -->
      </class> <!-- testClasses.HomePageTest -->
    </test> <!-- Test -->
  </suite> <!-- HomePage -->
</testng-results>
