<?xml version="1.0" encoding="UTF-8"?>
<testng-results ignored="3" total="4" passed="1" failed="0" skipped="0">
  <reporter-output>
  </reporter-output>
  <suite started-at="2026-02-09T16:22:05 IST" name="HomePage" finished-at="2026-02-09T16:22:07 IST" duration-ms="2675">
    <groups>
    </groups>
    <test started-at="2026-02-09T16:22:05 IST" name="Test" finished-at="2026-02-09T16:22:07 IST" duration-ms="2675">
      <class name="testClasses.HomePageTest">
        <test-method is-config="true" signature="initializeDriverwithBeforeMethod()[pri:0, instance:testClasses.HomePageTest@4fb0f2b9]" started-at="2026-02-09T16:22:05 IST" name="initializeDriverwithBeforeMethod" finished-at="2026-02-09T16:22:07 IST" duration-ms="2246" status="PASS">
          <reporter-output>
          </reporter-output>
        </test-method> <!-- initializeDriverwithBeforeMethod -->
        <test-method is-config="true" signature="loginAndInitPages()[pri:0, instance:testClasses.HomePageTest@4fb0f2b9]" started-at="2026-02-09T16:22:07 IST" name="loginAndInitPages" finished-at="2026-02-09T16:22:07 IST" duration-ms="46" status="PASS">
          <reporter-output>
          </reporter-output>
        </test-method> <!-- loginAndInitPages -->
        <test-method signature="VerifyAllProductsareDisplayed()[pri:0, instance:testClasses.HomePageTest@4fb0f2b9]" started-at="2026-02-09T16:22:07 IST" name="VerifyAllProductsareDisplayed" finished-at="2026-02-09T16:22:07 IST" duration-ms="340" status="PASS">
          <reporter-output>
          </reporter-output>
        </test-method> <!-- VerifyAllProductsareDisplayed -->
      </class> <!-- testClasses.HomePageTest -->
    </test> <!-- Test -->
  </suite> <!-- HomePage -->
</testng-results>
