<?xml version="1.0" encoding="UTF-8"?>
<testsuite xmlns:xsi="http://www.w3.org/2001/XMLSchema-instance" xsi:noNamespaceSchemaLocation="https://maven.apache.org/surefire/maven-surefire-plugin/xsd/surefire-test-report.xsd" version="3.0.2" name="TestSuite" time="3.486" tests="4" errors="0" skipped="0" failures="0">
  <properties>
[...]
</properties>
  <testcase name="VerifyAllProductsareDisplayed" classname="testClasses.HomePageTest" time="0.073">
    <system-out><![CDATA[countofAllProduct : 6
]]></system-out>
    <system-err><![CDATA[SLF4J(W): No SLF4J providers were found.
SLF4J(W): Defaulting to no-operation (NOP) logger implementation
SLF4J(W): See https://www.slf4j.org/codes.html#noProviders for further details.
Feb 09, 2026 6:05:37 PM org.openqa.selenium.devtools.CdpVersionFinder findNearestMatch
WARNING: Unable to find an exact match for CDP version 144, returning the closest version; found: 143; Please update to a Selenium version that supports CDP version 144
]]></system-err>
  </testcase>
  <testcase name="verifyProductsPageLoadsAfterLogin" classname="testClasses.HomePageTest" time="0.001"/>
  <testcase name="verifyProductsPageTitle" classname="testClasses.HomePageTest" time="0.101">
    <system-out><![CDATA[homePageTitle : Sauce Labs Backpack
]]></system-out>
  </testcase>
  <testcase name="verifySwagLabsLogoisDisplayed" classname="testClasses.HomePageTest" time="0.045"/>
</testsuite>