<?xml version="1.0" encoding="UTF-8"?>
<testng-results ignored="0" total="4" passed="4" failed="0" skipped="0">
  <reporter-output>
  </reporter-output>
  <suite started-at="2026-02-09T18:04:42 IST" name="Default suite" finished-at="2026-02-09T18:04:45 IST" duration-ms="3267">
    <groups>
    </groups>
    <test started-at="2026-02-09T18:04:42 IST" name="Default test" finished-at="2026-02-09T18:04:45 IST" duration-ms="3267">
      <class name="testClasses.HomePageTest">
        <test-method is-config="true" signature="login()[pri:0, instance:testClasses.HomePageTest@eadd4fb]" started-at="2026-02-09T18:04:42 IST" name="login" finished-at="2026-02-09T18:04:45 IST" duration-ms="2947" status="PASS">
          <reporter-output>
          </reporter-output>
        </test-method> <!-- login -->
        <test-method signature="VerifyAllProductsareDisplayed()[pri:0, instance:testClasses.HomePageTest@eadd4fb]" started-at="2026-02-09T18:04:45 IST" name="VerifyAllProductsareDisplayed" finished-at="2026-02-09T18:04:45 IST" duration-ms="75" status="PASS">
          <reporter-output>
          </reporter-output>
        </test-method> <!-- VerifyAllProductsareDisplayed -->
        <test-method signature="verifyProductsPageLoadsAfterLogin()[pri:0, instance:testClasses.HomePageTest@eadd4fb]" started-at="2026-02-09T18:04:45 IST" name="verifyProductsPageLoadsAfterLogin" finished-at="2026-02-09T18:04:45 IST" duration-ms="12" status="PASS">
          <reporter-output>
          </reporter-output>
        </test-method> <!-- verifyProductsPageLoadsAfterLogin -->
        <test-method signature="verifyProductsPageTitle()[pri:0, instance:testClasses.HomePageTest@eadd4fb]" started-at="2026-02-09T18:04:45 IST" name="verifyProductsPageTitle" finished-at="2026-02-09T18:04:45 IST" duration-ms="81" status="PASS">
          <reporter-output>
          </reporter-output>
        </test-method> <!-- verifyProductsPageTitle -->
        <test-method signature="verifySwagLabsLogoisDisplayed()[pri:0, instance:testClasses.HomePageTest@eadd4fb]" started-at="2026-02-09T18:04:45 IST" name="verifySwagLabsLogoisDisplayed" finished-at="2026-02-09T18:04:45 IST" duration-ms="57" status="PASS">
          <reporter-output>
          </reporter-output>
        </test-method> <!-- verifySwagLabsLogoisDisplayed -->
      </class> <!-- testClasses.HomePageTest -->
    </test> <!-- Default test -->
  </suite> <!-- Default suite -->
</testng-results>
