<?xml version="1.0" encoding="UTF-8"?>
<!-- Generated by org.testng.reporters.JUnitReportReporter -->
<testsuite hostname="luffy" failures="0" tests="6" name="testClasses.HomePageTest" time="1.233" errors="0" timestamp="2026-02-21T18:06:45 IST" skipped="0">
  <testcase classname="testClasses.HomePageTest" name="verifySwagLabsLogoisDisplayed" time="0.039"/>
  <testcase classname="testClasses.HomePageTest" name="VerifyAllProductsareDisplayed" time="0.050"/>
  <testcase classname="testClasses.HomePageTest" name="verifyProductsPageLoadsAfterLogin" time="0.027"/>
  <testcase classname="testClasses.HomePageTest" name="verifyProductsPageTitle" time="0.067"/>
  <testcase classname="testClasses.HomePageTest" name="verifyEachProductHasNamePriceAndImage" time="0.650"/>
  <testcase classname="testClasses.HomePageTest" name="verifyNameZtoAsorting" time="0.400"/>
</testsuite> <!-- testClasses.HomePageTest -->
