<?xml version="1.0" encoding="UTF-8"?>
<!-- Generated by org.testng.reporters.JUnitReportReporter -->
<testsuite hostname="luffy" failures="0" tests="4" name="testClasses.HomePageTest" time="0.213" errors="0" timestamp="2026-02-09T18:05:39 IST" skipped="0">
  <testcase classname="testClasses.HomePageTest" name="VerifyAllProductsareDisplayed" time="0.056"/>
  <testcase classname="testClasses.HomePageTest" name="verifyProductsPageTitle" time="0.082"/>
  <testcase classname="testClasses.HomePageTest" name="verifyProductsPageLoadsAfterLogin" time="0.015"/>
  <testcase classname="testClasses.HomePageTest" name="verifySwagLabsLogoisDisplayed" time="0.060"/>
</testsuite> <!-- testClasses.HomePageTest -->
