<?xml version="1.0" encoding="UTF-8"?>
<!-- Generated by org.testng.reporters.JUnitReportReporter -->
<testsuite hostname="luffy" failures="0" tests="4" name="testClasses.HomePageTest" time="2.632" errors="0" timestamp="2026-02-09T16:22:08 IST" skipped="3">
  <testcase classname="testClasses.HomePageTest" name="VerifyAllProductsareDisplayed" time="2.632"/>
  <testcase classname="testClasses.HomePageTest" name="verifyProductsPageTitle">
    <skipped/>
  </testcase> <!-- verifyProductsPageTitle -->
  <testcase classname="testClasses.HomePageTest" name="verifyProductsPageLoadsAfterLogin">
    <skipped/>
  </testcase> <!-- verifyProductsPageLoadsAfterLogin -->
  <testcase classname="testClasses.HomePageTest" name="verifySwagLabsLogoisDisplayed">
    <skipped/>
  </testcase> <!-- verifySwagLabsLogoisDisplayed -->
</testsuite> <!-- testClasses.HomePageTest -->
