<?xml version="1.0" encoding="UTF-8"?>
<!-- Generated by org.testng.reporters.JUnitXMLReporter -->
<testsuite ignored="5" hostname="luffy" failures="0" tests="1" name="Test" time="2.721" errors="0" timestamp="2026-02-21T18:05:37 IST">
  <testcase classname="testClasses.HomePageTest" name="verifyNameZtoAsorting" time="0.368"/>
  <testcase classname="testClasses.HomePageTest" name="verifyProductsPageTitle" time="0.0">
    <ignored/>
  </testcase> <!-- verifyProductsPageTitle -->
  <testcase classname="testClasses.HomePageTest" name="VerifyAllProductsareDisplayed" time="0.0">
    <ignored/>
  </testcase> <!-- VerifyAllProductsareDisplayed -->
  <testcase classname="testClasses.HomePageTest" name="verifySwagLabsLogoisDisplayed" time="0.0">
    <ignored/>
  </testcase> <!-- verifySwagLabsLogoisDisplayed -->
  <testcase classname="testClasses.HomePageTest" name="verifyEachProductHasNamePriceAndImage" time="0.0">
    <ignored/>
  </testcase> <!-- verifyEachProductHasNamePriceAndImage -->
  <testcase classname="testClasses.HomePageTest" name="verifyProductsPageLoadsAfterLogin" time="0.0">
    <ignored/>
  </testcase> <!-- verifyProductsPageLoadsAfterLogin -->
</testsuite> <!-- Test -->
